#
# There is insufficient memory for the Java Runtime Environment to continue.
# Native memory allocation (malloc) failed to allocate 1048576 bytes for AllocateHeap
# Possible reasons:
#   The system is out of physical RAM or swap space
#   The process is running with CompressedOops enabled, and the Java Heap may be blocking the growth of the native heap
# Possible solutions:
#   Reduce memory load on the system
#   Increase physical memory or swap space
#   Check if swap backing store is full
#   Decrease Java heap size (-Xmx/-Xms)
#   Decrease number of Java threads
#   Decrease Java thread stack sizes (-Xss)
#   Set larger code cache with -XX:ReservedCodeCacheSize=
#   JVM is running with Unscaled Compressed Oops mode in which the Java heap is
#     placed in the first 4GB address space. The Java Heap base address is the
#     maximum limit for the native heap growth. Please use -XX:HeapBaseMinAddress
#     to set the Java Heap base and to place the Java Heap above 4GB virtual address.
# This output file may be truncated or incomplete.
#
#  Out of Memory Error (memory/allocation.inline.hpp:61), pid=12664, tid=0x000000000000070c
#
# JRE version:  (8.0) (build )
# Java VM: OpenJDK 64-Bit Server VM (25.71-b00 mixed mode windows-amd64 compressed oops)
# Failed to write core dump. Minidumps are not enabled by default on client versions of Windows
#

---------------  T H R E A D  ---------------

Current thread (0x000000000297e800):  JavaThread "Unknown thread" [_thread_in_vm, id=1804, stack(0x0000000002980000,0x0000000002a80000)]

Stack: [0x0000000002980000,0x0000000002a80000]
[error occurred during error reporting (printing stack bounds), id 0xc0000005]

Native frames: (J=compiled Java code, j=interpreted, Vv=VM code, C=native code)


---------------  P R O C E S S  ---------------

Java Threads: ( => current thread )

Other Threads:

=>0x000000000297e800 (exited) JavaThread "Unknown thread" [_thread_in_vm, id=1804, stack(0x0000000002980000,0x0000000002a80000)]

VM state:not at safepoint (normal execution)

VM Mutex/Monitor currently owned by a thread: None

heap address: 0x00000000c1c00000, size: 996 MB, Compressed Oops mode: 32-bit
Narrow klass base: 0x0000000000000000, Narrow klass shift: 3
Compressed class space size: 1073741824 Address: 0x0000000100000000

Heap:
 PSYoungGen      total 18944K, used 327K [0x00000000eb400000, 0x00000000ec900000, 0x0000000100000000)
  eden space 16384K, 2% used [0x00000000eb400000,0x00000000eb451ec8,0x00000000ec400000)
  from space 2560K, 0% used [0x00000000ec680000,0x00000000ec680000,0x00000000ec900000)
  to   space 2560K, 0% used [0x00000000ec400000,0x00000000ec400000,0x00000000ec680000)
 ParOldGen       total 44032K, used 0K [0x00000000c1c00000, 0x00000000c4700000, 0x00000000eb400000)
  object space 44032K, 0% used [0x00000000c1c00000,0x00000000c1c00000,0x00000000c4700000)
 Metaspace       used 777K, capacity 4480K, committed 4480K, reserved 1056768K
  class space    used 74K, capacity 384K, committed 384K, reserved 1048576K

Card table byte_map: [0x0000000011f70000,0x0000000012170000] byte_map_base: 0x0000000011962000

Marking Bits: (ParMarkBitMap*) 0x0000000064b08f30
 Begin Bits: [0x00000000126c0000, 0x0000000013650000)
 End Bits:   [0x0000000013650000, 0x00000000145e0000)

Polling page: 0x0000000002a80000

CodeCache: size=245760Kb used=328Kb max_used=328Kb free=245431Kb
 bounds [0x0000000002bb0000, 0x0000000002e20000, 0x0000000011bb0000]
 total_blobs=57 nmethods=0 adapters=38
 compilation: enabled

Compilation events (0 events):
No events

GC Heap History (0 events):
No events

Deoptimization events (0 events):
No events

Classes redefined (0 events):
No events

Internal exceptions (0 events):
No events

Events (10 events):
Event: 0.045 loading class java/lang/Short
Event: 0.045 loading class java/lang/Short done
Event: 0.045 loading class java/lang/Integer
Event: 0.046 loading class java/lang/Integer done
Event: 0.046 loading class java/lang/Long
Event: 0.046 loading class java/lang/Long done
Event: 0.047 loading class java/lang/NullPointerException
Event: 0.047 loading class java/lang/NullPointerException done
Event: 0.047 loading class java/lang/ArithmeticException
Event: 0.047 loading class java/lang/ArithmeticException done


Dynamic libraries:
0x00007ff752bd0000 - 0x00007ff752c05000 	C:\Program Files\Android\Jdk\microsoft_dist_openjdk_1.8.0.25\bin\java.exe
0x00007fffd7d60000 - 0x00007fffd7f50000 	C:\Windows\SYSTEM32\ntdll.dll
0x00007fffd74c0000 - 0x00007fffd7572000 	C:\Windows\System32\KERNEL32.DLL
0x00007fffd5870000 - 0x00007fffd5b13000 	C:\Windows\System32\KERNELBASE.dll
0x00007fffd7c70000 - 0x00007fffd7d13000 	C:\Windows\System32\ADVAPI32.dll
0x00007fffd72f0000 - 0x00007fffd738e000 	C:\Windows\System32\msvcrt.dll
0x00007fffd6bf0000 - 0x00007fffd6c87000 	C:\Windows\System32\sechost.dll
0x00007fffd61e0000 - 0x00007fffd6300000 	C:\Windows\System32\RPCRT4.dll
0x00007fffd5e10000 - 0x00007fffd5fa4000 	C:\Windows\System32\USER32.dll
0x00007fffd5c40000 - 0x00007fffd5c61000 	C:\Windows\System32\win32u.dll
0x00007fffd6820000 - 0x00007fffd6846000 	C:\Windows\System32\GDI32.dll
0x00007fffd5c70000 - 0x00007fffd5e04000 	C:\Windows\System32\gdi32full.dll
0x00007fffd4da0000 - 0x00007fffd4e3e000 	C:\Windows\System32\msvcp_win.dll
0x00007fffd5b40000 - 0x00007fffd5c3a000 	C:\Windows\System32\ucrtbase.dll
0x00007fffc3920000 - 0x00007fffc3ba5000 	C:\Windows\WinSxS\amd64_microsoft.windows.common-controls_6595b64144ccf1df_6.0.18362.778_none_e6c6b761130d4fb8\COMCTL32.dll
0x00007fffd63a0000 - 0x00007fffd66d6000 	C:\Windows\System32\combase.dll
0x00007fffd5040000 - 0x00007fffd50c0000 	C:\Windows\System32\bcryptPrimitives.dll
0x00007fffd6990000 - 0x00007fffd69be000 	C:\Windows\System32\IMM32.DLL
0x0000000064b90000 - 0x0000000064c61000 	C:\Program Files\Android\Jdk\microsoft_dist_openjdk_1.8.0.25\jre\bin\msvcr100.dll
0x0000000064340000 - 0x0000000064b85000 	C:\Program Files\Android\Jdk\microsoft_dist_openjdk_1.8.0.25\jre\bin\server\jvm.dll
0x00007fffd7260000 - 0x00007fffd7268000 	C:\Windows\System32\PSAPI.DLL
0x00007fffc2110000 - 0x00007fffc2119000 	C:\Windows\SYSTEM32\WSOCK32.dll
0x00007fffd6320000 - 0x00007fffd638f000 	C:\Windows\System32\WS2_32.dll
0x00007fffd24a0000 - 0x00007fffd24c4000 	C:\Windows\SYSTEM32\WINMM.dll
0x00007fffce2d0000 - 0x00007fffce2da000 	C:\Windows\SYSTEM32\VERSION.dll
0x00007fffd2020000 - 0x00007fffd204d000 	C:\Windows\SYSTEM32\WINMMBASE.dll
0x00007fffd4e40000 - 0x00007fffd4e8a000 	C:\Windows\System32\cfgmgr32.dll
0x00007fffcf0d0000 - 0x00007fffcf0df000 	C:\Program Files\Android\Jdk\microsoft_dist_openjdk_1.8.0.25\jre\bin\verify.dll
0x00007fffcdb50000 - 0x00007fffcdb79000 	C:\Program Files\Android\Jdk\microsoft_dist_openjdk_1.8.0.25\jre\bin\java.dll
0x00007fffcdac0000 - 0x00007fffcdad6000 	C:\Program Files\Android\Jdk\microsoft_dist_openjdk_1.8.0.25\jre\bin\zip.dll

VM Arguments:
java_command: <unknown>
java_class_path (initial): .
Launcher Type: SUN_STANDARD

Environment Variables:
PATH=C:\Program Files\Android\Jdk\microsoft_dist_openjdk_1.8.0.25\bin;C:\Windows\system32;C:\Windows;C:\Windows\System32\Wbem;C:\Windows\System32\WindowsPowerShell\v1.0\;C:\Windows\System32\OpenSSH\;C:\Program Files\Intel\WiFi\bin\;C:\Program Files\Common Files\Intel\WirelessCommon\;C:\Program Files\PuTTY\;C:\Program Files\Microsoft SQL Server\130\Tools\Binn\;C:\Qt\QtIFW-3.1.0\bin;C:\Program Files\Polyspace\R2019a\bin;C:\Program Files (x86)\Bitvise SSH Client;C:\Program Files\Git\cmd;C:\Program Files\dotnet\;C:\Program Files\nodejs\;C:\Program Files (x86)\Android\android-sdk;C:\curl-7.67.0-win64-mingw\bin;C:\masm32\bin;C:\Program Files (x86)\GtkSharp\2.12\bin;C:\Qt\Tools\mingw730_32\bin;C:\Qt;C:\Perl64\bin\;C:\Program Files\Microsoft SQL Server\Client SDK\ODBC\170\Tools\Binn\;C:\gtk\bin;C:\Users\User\AppData\Local\Programs\Python\Python38-32\;C:\Users\User\AppData\Local\Microsoft\WindowsApps;C:\Users\User\AppData\Local\Programs\Microsoft VS Code\bin;C:\Users\User\AppData\Roaming\npm;C:\Program Files (x86)\Android\android-sdk;C:\msys64\mingw64\bin;\cygdrive\c\Windows\system32;C:\MinGW\bin;C:\Users\User\AppData\Local\GitHubDesktop\bin;C:\Qt\Tools\mingw730_32\bin;C:\Qt;
USERNAME=User
OS=Windows_NT
PROCESSOR_IDENTIFIER=Intel64 Family 6 Model 142 Stepping 9, GenuineIntel



---------------  S Y S T E M  ---------------

OS: Windows 10.0 , 64 bit Build 18362 (10.0.18362.778)

CPU:total 4 (initial active 4) (2 cores per cpu, 2 threads per core) family 6 model 142 stepping 9, cmov, cx8, fxsr, mmx, sse, sse2, sse3, ssse3, sse4.1, sse4.2, popcnt, avx, avx2, aes, clmul, erms, 3dnowpref, lzcnt, ht, tsc, tscinvbit, bmi1, bmi2, adx

Memory: 4k page, physical 4078532k(288760k free), swap 12467124k(4724k free)

vm_info: OpenJDK 64-Bit Server VM (25.71-b00) for windows-amd64 JRE (1.8.0-25-microsoft-b00), built on Feb  7 2019 20:09:14 by "builder" with MS VC++ 10.0 (VS2010)

time: Mon Apr 27 20:37:31 2020
timezone: RTZ 2 (зима)
elapsed time: 0 seconds (0d 0h 0m 0s)

